CRITICAL - 2025-11-04 14:06:20 --> CodeIgniter\View\Exceptions\ViewException: Invalid file: "bootstrap/haut.php"
[Method: GET, Route: /]
in SYSTEMPATH/Exceptions/FrameworkException.php on line 41.
 1 SYSTEMPATH/View/View.php(222): CodeIgniter\Exceptions\FrameworkException::forInvalidFile()
 2 SYSTEMPATH/Common.php(1171): CodeIgniter\View\View->render()
 3 APPPATH/Controllers/Accueil.php(9): view()
 4 SYSTEMPATH/CodeIgniter.php(933): App\Controllers\Accueil->afficher()
 5 SYSTEMPATH/CodeIgniter.php(509): CodeIgniter\CodeIgniter->runController()
 6 SYSTEMPATH/CodeIgniter.php(355): CodeIgniter\CodeIgniter->handleRequest()
 7 SYSTEMPATH/Boot.php(325): CodeIgniter\CodeIgniter->run()
 8 SYSTEMPATH/Boot.php(67): CodeIgniter\Boot::runCodeIgniter()
 9 FCPATH/index.php(56): CodeIgniter\Boot::bootWeb()
CRITICAL - 2025-11-04 14:06:36 --> CodeIgniter\View\Exceptions\ViewException: Invalid file: "template/haut.php"
[Method: GET, Route: /]
in SYSTEMPATH/Exceptions/FrameworkException.php on line 41.
 1 SYSTEMPATH/View/View.php(222): CodeIgniter\Exceptions\FrameworkException::forInvalidFile()
 2 SYSTEMPATH/Common.php(1171): CodeIgniter\View\View->render()
 3 APPPATH/Controllers/Accueil.php(9): view()
 4 SYSTEMPATH/CodeIgniter.php(933): App\Controllers\Accueil->afficher()
 5 SYSTEMPATH/CodeIgniter.php(509): CodeIgniter\CodeIgniter->runController()
 6 SYSTEMPATH/CodeIgniter.php(355): CodeIgniter\CodeIgniter->handleRequest()
 7 SYSTEMPATH/Boot.php(325): CodeIgniter\CodeIgniter->run()
 8 SYSTEMPATH/Boot.php(67): CodeIgniter\Boot::runCodeIgniter()
 9 FCPATH/index.php(56): CodeIgniter\Boot::bootWeb()
CRITICAL - 2025-11-04 15:46:57 --> ParseError: syntax error, unexpected token "{", expecting "function" or "const"
[Method: GET, Route: actualite/afficher/1]
in APPPATH/Models/Db_model.php on line 18.
 1 SYSTEMPATH/Autoloader/Autoloader.php(296): CodeIgniter\Autoloader\Autoloader->includeFile()
 2 SYSTEMPATH/Autoloader/Autoloader.php(272): CodeIgniter\Autoloader\Autoloader->loadInNamespace()
 3 [internal function]: CodeIgniter\Autoloader\Autoloader->loadClass()
 4 SYSTEMPATH/Config/Factories.php(297): class_exists()
 5 SYSTEMPATH/Config/Factories.php(216): CodeIgniter\Config\Factories::locateClass()
 6 SYSTEMPATH/Config/Factories.php(159): CodeIgniter\Config\Factories::getDefinedInstance()
 7 SYSTEMPATH/Common.php(802): CodeIgniter\Config\Factories::__callStatic()
 8 APPPATH/Controllers/Actualite.php(13): model()
 9 SYSTEMPATH/CodeIgniter.php(933): App\Controllers\Actualite->afficher()
10 SYSTEMPATH/CodeIgniter.php(509): CodeIgniter\CodeIgniter->runController()
11 SYSTEMPATH/CodeIgniter.php(355): CodeIgniter\CodeIgniter->handleRequest()
12 SYSTEMPATH/Boot.php(325): CodeIgniter\CodeIgniter->run()
13 SYSTEMPATH/Boot.php(67): CodeIgniter\Boot::runCodeIgniter()
14 FCPATH/index.php(56): CodeIgniter\Boot::bootWeb()
CRITICAL - 2025-11-04 15:49:32 --> ParseError: syntax error, unexpected token "{", expecting "function" or "const"
[Method: GET, Route: actualite/afficher/1]
in APPPATH/Models/Db_model.php on line 18.
 1 SYSTEMPATH/Autoloader/Autoloader.php(296): CodeIgniter\Autoloader\Autoloader->includeFile()
 2 SYSTEMPATH/Autoloader/Autoloader.php(272): CodeIgniter\Autoloader\Autoloader->loadInNamespace()
 3 [internal function]: CodeIgniter\Autoloader\Autoloader->loadClass()
 4 SYSTEMPATH/Config/Factories.php(297): class_exists()
 5 SYSTEMPATH/Config/Factories.php(216): CodeIgniter\Config\Factories::locateClass()
 6 SYSTEMPATH/Config/Factories.php(159): CodeIgniter\Config\Factories::getDefinedInstance()
 7 SYSTEMPATH/Common.php(802): CodeIgniter\Config\Factories::__callStatic()
 8 APPPATH/Controllers/Actualite.php(13): model()
 9 SYSTEMPATH/CodeIgniter.php(933): App\Controllers\Actualite->afficher()
10 SYSTEMPATH/CodeIgniter.php(509): CodeIgniter\CodeIgniter->runController()
11 SYSTEMPATH/CodeIgniter.php(355): CodeIgniter\CodeIgniter->handleRequest()
12 SYSTEMPATH/Boot.php(325): CodeIgniter\CodeIgniter->run()
13 SYSTEMPATH/Boot.php(67): CodeIgniter\Boot::runCodeIgniter()
14 FCPATH/index.php(56): CodeIgniter\Boot::bootWeb()
ERROR - 2025-11-04 15:50:53 --> mysqli_sql_exception: Table 'e22110297_db1.t_actualite_act' doesn't exist in /home/2025DIFAL3/e22110297/public_html/V1/ci/system/Database/MySQLi/Connection.php:312
Stack trace:
#0 /home/2025DIFAL3/e22110297/public_html/V1/ci/system/Database/MySQLi/Connection.php(312): mysqli->query()
#1 /home/2025DIFAL3/e22110297/public_html/V1/ci/system/Database/BaseConnection.php(734): CodeIgniter\Database\MySQLi\Connection->execute()
#2 /home/2025DIFAL3/e22110297/public_html/V1/ci/system/Database/BaseConnection.php(648): CodeIgniter\Database\BaseConnection->simpleQuery()
#3 /home/2025DIFAL3/e22110297/public_html/V1/ci/app/Models/Db_model.php(24): CodeIgniter\Database\BaseConnection->query()
#4 /home/2025DIFAL3/e22110297/public_html/V1/ci/app/Controllers/Actualite.php(20): App\Models\Db_model->get_actualite()
#5 /home/2025DIFAL3/e22110297/public_html/V1/ci/system/CodeIgniter.php(933): App\Controllers\Actualite->afficher()
#6 /home/2025DIFAL3/e22110297/public_html/V1/ci/system/CodeIgniter.php(509): CodeIgniter\CodeIgniter->runController()
#7 /home/2025DIFAL3/e22110297/public_html/V1/ci/system/CodeIgniter.php(355): CodeIgniter\CodeIgniter->handleRequest()
#8 /home/2025DIFAL3/e22110297/public_html/V1/ci/system/Boot.php(325): CodeIgniter\CodeIgniter->run()
#9 /home/2025DIFAL3/e22110297/public_html/V1/ci/system/Boot.php(67): CodeIgniter\Boot::runCodeIgniter()
#10 /home/2025DIFAL3/e22110297/public_html/V1/ci/public/index.php(56): CodeIgniter\Boot::bootWeb()
#11 {main}
CRITICAL - 2025-11-04 15:50:53 --> CodeIgniter\Database\Exceptions\DatabaseException: Table 'e22110297_db1.t_actualite_act' doesn't exist
[Method: GET, Route: actualite/afficher/1]
in SYSTEMPATH/Database/BaseConnection.php on line 688.
 1 APPPATH/Models/Db_model.php(24): CodeIgniter\Database\BaseConnection->query()
 2 APPPATH/Controllers/Actualite.php(20): App\Models\Db_model->get_actualite()
 3 SYSTEMPATH/CodeIgniter.php(933): App\Controllers\Actualite->afficher()
 4 SYSTEMPATH/CodeIgniter.php(509): CodeIgniter\CodeIgniter->runController()
 5 SYSTEMPATH/CodeIgniter.php(355): CodeIgniter\CodeIgniter->handleRequest()
 6 SYSTEMPATH/Boot.php(325): CodeIgniter\CodeIgniter->run()
 7 SYSTEMPATH/Boot.php(67): CodeIgniter\Boot::runCodeIgniter()
 8 FCPATH/index.php(56): CodeIgniter\Boot::bootWeb()
CRITICAL - 2025-11-04 15:50:53 --> [Caused by] CodeIgniter\Database\Exceptions\DatabaseException: Table 'e22110297_db1.t_actualite_act' doesn't exist
in SYSTEMPATH/Database/MySQLi/Connection.php on line 317.
 1 SYSTEMPATH/Database/BaseConnection.php(734): CodeIgniter\Database\MySQLi\Connection->execute()
 2 SYSTEMPATH/Database/BaseConnection.php(648): CodeIgniter\Database\BaseConnection->simpleQuery()
 3 APPPATH/Models/Db_model.php(24): CodeIgniter\Database\BaseConnection->query()
 4 APPPATH/Controllers/Actualite.php(20): App\Models\Db_model->get_actualite()
 5 SYSTEMPATH/CodeIgniter.php(933): App\Controllers\Actualite->afficher()
 6 SYSTEMPATH/CodeIgniter.php(509): CodeIgniter\CodeIgniter->runController()
 7 SYSTEMPATH/CodeIgniter.php(355): CodeIgniter\CodeIgniter->handleRequest()
 8 SYSTEMPATH/Boot.php(325): CodeIgniter\CodeIgniter->run()
 9 SYSTEMPATH/Boot.php(67): CodeIgniter\Boot::runCodeIgniter()
10 FCPATH/index.php(56): CodeIgniter\Boot::bootWeb()
CRITICAL - 2025-11-04 15:50:53 --> [Caused by] mysqli_sql_exception: Table 'e22110297_db1.t_actualite_act' doesn't exist
in SYSTEMPATH/Database/MySQLi/Connection.php on line 312.
 1 SYSTEMPATH/Database/MySQLi/Connection.php(312): mysqli->query()
 2 SYSTEMPATH/Database/BaseConnection.php(734): CodeIgniter\Database\MySQLi\Connection->execute()
 3 SYSTEMPATH/Database/BaseConnection.php(648): CodeIgniter\Database\BaseConnection->simpleQuery()
 4 APPPATH/Models/Db_model.php(24): CodeIgniter\Database\BaseConnection->query()
 5 APPPATH/Controllers/Actualite.php(20): App\Models\Db_model->get_actualite()
 6 SYSTEMPATH/CodeIgniter.php(933): App\Controllers\Actualite->afficher()
 7 SYSTEMPATH/CodeIgniter.php(509): CodeIgniter\CodeIgniter->runController()
 8 SYSTEMPATH/CodeIgniter.php(355): CodeIgniter\CodeIgniter->handleRequest()
 9 SYSTEMPATH/Boot.php(325): CodeIgniter\CodeIgniter->run()
10 SYSTEMPATH/Boot.php(67): CodeIgniter\Boot::runCodeIgniter()
11 FCPATH/index.php(56): CodeIgniter\Boot::bootWeb()
ERROR - 2025-11-04 15:51:25 --> mysqli_sql_exception: Unknown column 'act_id' in 'WHERE' in /home/2025DIFAL3/e22110297/public_html/V1/ci/system/Database/MySQLi/Connection.php:312
Stack trace:
#0 /home/2025DIFAL3/e22110297/public_html/V1/ci/system/Database/MySQLi/Connection.php(312): mysqli->query()
#1 /home/2025DIFAL3/e22110297/public_html/V1/ci/system/Database/BaseConnection.php(734): CodeIgniter\Database\MySQLi\Connection->execute()
#2 /home/2025DIFAL3/e22110297/public_html/V1/ci/system/Database/BaseConnection.php(648): CodeIgniter\Database\BaseConnection->simpleQuery()
#3 /home/2025DIFAL3/e22110297/public_html/V1/ci/app/Models/Db_model.php(24): CodeIgniter\Database\BaseConnection->query()
#4 /home/2025DIFAL3/e22110297/public_html/V1/ci/app/Controllers/Actualite.php(20): App\Models\Db_model->get_actualite()
#5 /home/2025DIFAL3/e22110297/public_html/V1/ci/system/CodeIgniter.php(933): App\Controllers\Actualite->afficher()
#6 /home/2025DIFAL3/e22110297/public_html/V1/ci/system/CodeIgniter.php(509): CodeIgniter\CodeIgniter->runController()
#7 /home/2025DIFAL3/e22110297/public_html/V1/ci/system/CodeIgniter.php(355): CodeIgniter\CodeIgniter->handleRequest()
#8 /home/2025DIFAL3/e22110297/public_html/V1/ci/system/Boot.php(325): CodeIgniter\CodeIgniter->run()
#9 /home/2025DIFAL3/e22110297/public_html/V1/ci/system/Boot.php(67): CodeIgniter\Boot::runCodeIgniter()
#10 /home/2025DIFAL3/e22110297/public_html/V1/ci/public/index.php(56): CodeIgniter\Boot::bootWeb()
#11 {main}
CRITICAL - 2025-11-04 15:51:25 --> CodeIgniter\Database\Exceptions\DatabaseException: Unknown column 'act_id' in 'WHERE'
[Method: GET, Route: actualite/afficher/1]
in SYSTEMPATH/Database/BaseConnection.php on line 688.
 1 APPPATH/Models/Db_model.php(24): CodeIgniter\Database\BaseConnection->query()
 2 APPPATH/Controllers/Actualite.php(20): App\Models\Db_model->get_actualite()
 3 SYSTEMPATH/CodeIgniter.php(933): App\Controllers\Actualite->afficher()
 4 SYSTEMPATH/CodeIgniter.php(509): CodeIgniter\CodeIgniter->runController()
 5 SYSTEMPATH/CodeIgniter.php(355): CodeIgniter\CodeIgniter->handleRequest()
 6 SYSTEMPATH/Boot.php(325): CodeIgniter\CodeIgniter->run()
 7 SYSTEMPATH/Boot.php(67): CodeIgniter\Boot::runCodeIgniter()
 8 FCPATH/index.php(56): CodeIgniter\Boot::bootWeb()
CRITICAL - 2025-11-04 15:51:25 --> [Caused by] CodeIgniter\Database\Exceptions\DatabaseException: Unknown column 'act_id' in 'WHERE'
in SYSTEMPATH/Database/MySQLi/Connection.php on line 317.
 1 SYSTEMPATH/Database/BaseConnection.php(734): CodeIgniter\Database\MySQLi\Connection->execute()
 2 SYSTEMPATH/Database/BaseConnection.php(648): CodeIgniter\Database\BaseConnection->simpleQuery()
 3 APPPATH/Models/Db_model.php(24): CodeIgniter\Database\BaseConnection->query()
 4 APPPATH/Controllers/Actualite.php(20): App\Models\Db_model->get_actualite()
 5 SYSTEMPATH/CodeIgniter.php(933): App\Controllers\Actualite->afficher()
 6 SYSTEMPATH/CodeIgniter.php(509): CodeIgniter\CodeIgniter->runController()
 7 SYSTEMPATH/CodeIgniter.php(355): CodeIgniter\CodeIgniter->handleRequest()
 8 SYSTEMPATH/Boot.php(325): CodeIgniter\CodeIgniter->run()
 9 SYSTEMPATH/Boot.php(67): CodeIgniter\Boot::runCodeIgniter()
10 FCPATH/index.php(56): CodeIgniter\Boot::bootWeb()
CRITICAL - 2025-11-04 15:51:25 --> [Caused by] mysqli_sql_exception: Unknown column 'act_id' in 'WHERE'
in SYSTEMPATH/Database/MySQLi/Connection.php on line 312.
 1 SYSTEMPATH/Database/MySQLi/Connection.php(312): mysqli->query()
 2 SYSTEMPATH/Database/BaseConnection.php(734): CodeIgniter\Database\MySQLi\Connection->execute()
 3 SYSTEMPATH/Database/BaseConnection.php(648): CodeIgniter\Database\BaseConnection->simpleQuery()
 4 APPPATH/Models/Db_model.php(24): CodeIgniter\Database\BaseConnection->query()
 5 APPPATH/Controllers/Actualite.php(20): App\Models\Db_model->get_actualite()
 6 SYSTEMPATH/CodeIgniter.php(933): App\Controllers\Actualite->afficher()
 7 SYSTEMPATH/CodeIgniter.php(509): CodeIgniter\CodeIgniter->runController()
 8 SYSTEMPATH/CodeIgniter.php(355): CodeIgniter\CodeIgniter->handleRequest()
 9 SYSTEMPATH/Boot.php(325): CodeIgniter\CodeIgniter->run()
10 SYSTEMPATH/Boot.php(67): CodeIgniter\Boot::runCodeIgniter()
11 FCPATH/index.php(56): CodeIgniter\Boot::bootWeb()
CRITICAL - 2025-11-04 16:06:08 --> ErrorException: Array to string conversion
[Method: GET, Route: compte/lister]
in APPPATH/Views/affichage_comptes.php on line 18.
 1 APPPATH/Views/affichage_comptes.php(18): CodeIgniter\Debug\Exceptions->errorHandler()
 2 SYSTEMPATH/View/View.php(234): include('/home/2025DIFAL3/e22110297/public_html/V1/ci/app/Views/affichage_comptes.php')
 3 SYSTEMPATH/View/View.php(237): CodeIgniter\View\View->CodeIgniter\View\{closure}()
 4 SYSTEMPATH/Common.php(1171): CodeIgniter\View\View->render()
 5 APPPATH/Controllers/Compte.php(18): view()
 6 SYSTEMPATH/CodeIgniter.php(933): App\Controllers\Compte->lister()
 7 SYSTEMPATH/CodeIgniter.php(509): CodeIgniter\CodeIgniter->runController()
 8 SYSTEMPATH/CodeIgniter.php(355): CodeIgniter\CodeIgniter->handleRequest()
 9 SYSTEMPATH/Boot.php(325): CodeIgniter\CodeIgniter->run()
10 SYSTEMPATH/Boot.php(67): CodeIgniter\Boot::runCodeIgniter()
11 FCPATH/index.php(56): CodeIgniter\Boot::bootWeb()
CRITICAL - 2025-11-04 16:10:31 --> ParseError: syntax error, unexpected token "echo", expecting "," or ";"
[Method: GET, Route: compte/lister]
in APPPATH/Views/affichage_comptes.php on line 12.
 1 SYSTEMPATH/View/View.php(237): CodeIgniter\View\View->CodeIgniter\View\{closure}()
 2 SYSTEMPATH/Common.php(1171): CodeIgniter\View\View->render()
 3 APPPATH/Controllers/Compte.php(18): view()
 4 SYSTEMPATH/CodeIgniter.php(933): App\Controllers\Compte->lister()
 5 SYSTEMPATH/CodeIgniter.php(509): CodeIgniter\CodeIgniter->runController()
 6 SYSTEMPATH/CodeIgniter.php(355): CodeIgniter\CodeIgniter->handleRequest()
 7 SYSTEMPATH/Boot.php(325): CodeIgniter\CodeIgniter->run()
 8 SYSTEMPATH/Boot.php(67): CodeIgniter\Boot::runCodeIgniter()
 9 FCPATH/index.php(56): CodeIgniter\Boot::bootWeb()
CRITICAL - 2025-11-04 16:11:04 --> ParseError: syntax error, unexpected token "echo", expecting "," or ";"
[Method: GET, Route: compte/lister]
in APPPATH/Views/affichage_comptes.php on line 12.
 1 SYSTEMPATH/View/View.php(237): CodeIgniter\View\View->CodeIgniter\View\{closure}()
 2 SYSTEMPATH/Common.php(1171): CodeIgniter\View\View->render()
 3 APPPATH/Controllers/Compte.php(18): view()
 4 SYSTEMPATH/CodeIgniter.php(933): App\Controllers\Compte->lister()
 5 SYSTEMPATH/CodeIgniter.php(509): CodeIgniter\CodeIgniter->runController()
 6 SYSTEMPATH/CodeIgniter.php(355): CodeIgniter\CodeIgniter->handleRequest()
 7 SYSTEMPATH/Boot.php(325): CodeIgniter\CodeIgniter->run()
 8 SYSTEMPATH/Boot.php(67): CodeIgniter\Boot::runCodeIgniter()
 9 FCPATH/index.php(56): CodeIgniter\Boot::bootWeb()
CRITICAL - 2025-11-04 16:11:22 --> Error: Object of class stdClass could not be converted to string
[Method: GET, Route: compte/lister]
in APPPATH/Views/affichage_comptes.php on line 12.
 1 SYSTEMPATH/View/View.php(234): include()
 2 SYSTEMPATH/View/View.php(237): CodeIgniter\View\View->CodeIgniter\View\{closure}()
 3 SYSTEMPATH/Common.php(1171): CodeIgniter\View\View->render()
 4 APPPATH/Controllers/Compte.php(18): view()
 5 SYSTEMPATH/CodeIgniter.php(933): App\Controllers\Compte->lister()
 6 SYSTEMPATH/CodeIgniter.php(509): CodeIgniter\CodeIgniter->runController()
 7 SYSTEMPATH/CodeIgniter.php(355): CodeIgniter\CodeIgniter->handleRequest()
 8 SYSTEMPATH/Boot.php(325): CodeIgniter\CodeIgniter->run()
 9 SYSTEMPATH/Boot.php(67): CodeIgniter\Boot::runCodeIgniter()
10 FCPATH/index.php(56): CodeIgniter\Boot::bootWeb()
CRITICAL - 2025-11-04 16:12:21 --> Error: Object of class stdClass could not be converted to string
[Method: GET, Route: compte/lister]
in APPPATH/Views/affichage_comptes.php on line 11.
 1 SYSTEMPATH/View/View.php(234): include()
 2 SYSTEMPATH/View/View.php(237): CodeIgniter\View\View->CodeIgniter\View\{closure}()
 3 SYSTEMPATH/Common.php(1171): CodeIgniter\View\View->render()
 4 APPPATH/Controllers/Compte.php(18): view()
 5 SYSTEMPATH/CodeIgniter.php(933): App\Controllers\Compte->lister()
 6 SYSTEMPATH/CodeIgniter.php(509): CodeIgniter\CodeIgniter->runController()
 7 SYSTEMPATH/CodeIgniter.php(355): CodeIgniter\CodeIgniter->handleRequest()
 8 SYSTEMPATH/Boot.php(325): CodeIgniter\CodeIgniter->run()
 9 SYSTEMPATH/Boot.php(67): CodeIgniter\Boot::runCodeIgniter()
10 FCPATH/index.php(56): CodeIgniter\Boot::bootWeb()
CRITICAL - 2025-11-04 16:13:16 --> Error: Object of class stdClass could not be converted to string
[Method: GET, Route: compte/lister]
in APPPATH/Views/affichage_comptes.php on line 2.
 1 SYSTEMPATH/View/View.php(234): include()
 2 SYSTEMPATH/View/View.php(237): CodeIgniter\View\View->CodeIgniter\View\{closure}()
 3 SYSTEMPATH/Common.php(1171): CodeIgniter\View\View->render()
 4 APPPATH/Controllers/Compte.php(18): view()
 5 SYSTEMPATH/CodeIgniter.php(933): App\Controllers\Compte->lister()
 6 SYSTEMPATH/CodeIgniter.php(509): CodeIgniter\CodeIgniter->runController()
 7 SYSTEMPATH/CodeIgniter.php(355): CodeIgniter\CodeIgniter->handleRequest()
 8 SYSTEMPATH/Boot.php(325): CodeIgniter\CodeIgniter->run()
 9 SYSTEMPATH/Boot.php(67): CodeIgniter\Boot::runCodeIgniter()
10 FCPATH/index.php(56): CodeIgniter\Boot::bootWeb()
CRITICAL - 2025-11-04 16:18:57 --> ErrorException: Undefined property: stdClass::$total
[Method: GET, Route: compte/lister]
in APPPATH/Views/affichage_comptes.php on line 2.
 1 APPPATH/Views/affichage_comptes.php(2): CodeIgniter\Debug\Exceptions->errorHandler()
 2 SYSTEMPATH/View/View.php(234): include('/home/2025DIFAL3/e22110297/public_html/V1/ci/app/Views/affichage_comptes.php')
 3 SYSTEMPATH/View/View.php(237): CodeIgniter\View\View->CodeIgniter\View\{closure}()
 4 SYSTEMPATH/Common.php(1171): CodeIgniter\View\View->render()
 5 APPPATH/Controllers/Compte.php(18): view()
 6 SYSTEMPATH/CodeIgniter.php(933): App\Controllers\Compte->lister()
 7 SYSTEMPATH/CodeIgniter.php(509): CodeIgniter\CodeIgniter->runController()
 8 SYSTEMPATH/CodeIgniter.php(355): CodeIgniter\CodeIgniter->handleRequest()
 9 SYSTEMPATH/Boot.php(325): CodeIgniter\CodeIgniter->run()
10 SYSTEMPATH/Boot.php(67): CodeIgniter\Boot::runCodeIgniter()
11 FCPATH/index.php(56): CodeIgniter\Boot::bootWeb()
